=== puma startup: 2017-11-04 08:11:39 +0300 ===
=== puma startup: 2017-11-13 12:28:41 +0300 ===
=== puma startup: 2017-11-13 12:30:54 +0300 ===
2017-11-13 12:30:59 +0300: Rack app error handling request { GET /magazine/index }
#<RuntimeError: Missing `secret_token` and `secret_key_base` for 'production' environment, set these values in `config/secrets.yml`>
/home/beerdy/.rvm/gems/ruby-2.3.1/gems/railties-4.2.6/lib/rails/application.rb:534:in `validate_secret_key_config!'
/home/beerdy/.rvm/gems/ruby-2.3.1/gems/railties-4.2.6/lib/rails/application.rb:246:in `env_config'
/home/beerdy/.rvm/gems/ruby-2.3.1/gems/railties-4.2.6/lib/rails/engine.rb:514:in `call'
/home/beerdy/.rvm/gems/ruby-2.3.1/gems/railties-4.2.6/lib/rails/application.rb:165:in `call'
/home/beerdy/.gem/ruby/2.3.0/gems/rack-1.6.4/lib/rack/content_length.rb:15:in `call'
/home/beerdy/.gem/ruby/2.3.0/gems/puma-3.6.0/lib/puma/configuration.rb:225:in `call'
/home/beerdy/.gem/ruby/2.3.0/gems/puma-3.6.0/lib/puma/server.rb:578:in `handle_request'
/home/beerdy/.gem/ruby/2.3.0/gems/puma-3.6.0/lib/puma/server.rb:415:in `process_client'
/home/beerdy/.gem/ruby/2.3.0/gems/puma-3.6.0/lib/puma/server.rb:275:in `block in run'
/home/beerdy/.gem/ruby/2.3.0/gems/puma-3.6.0/lib/puma/thread_pool.rb:116:in `block in spawn_thread'
2017-11-13 12:30:59 +0300: Rack app error handling request { GET /favicon.ico }
#<RuntimeError: Missing `secret_token` and `secret_key_base` for 'production' environment, set these values in `config/secrets.yml`>
/home/beerdy/.rvm/gems/ruby-2.3.1/gems/railties-4.2.6/lib/rails/application.rb:534:in `validate_secret_key_config!'
/home/beerdy/.rvm/gems/ruby-2.3.1/gems/railties-4.2.6/lib/rails/application.rb:246:in `env_config'
/home/beerdy/.rvm/gems/ruby-2.3.1/gems/railties-4.2.6/lib/rails/engine.rb:514:in `call'
/home/beerdy/.rvm/gems/ruby-2.3.1/gems/railties-4.2.6/lib/rails/application.rb:165:in `call'
/home/beerdy/.gem/ruby/2.3.0/gems/rack-1.6.4/lib/rack/content_length.rb:15:in `call'
/home/beerdy/.gem/ruby/2.3.0/gems/puma-3.6.0/lib/puma/configuration.rb:225:in `call'
/home/beerdy/.gem/ruby/2.3.0/gems/puma-3.6.0/lib/puma/server.rb:578:in `handle_request'
/home/beerdy/.gem/ruby/2.3.0/gems/puma-3.6.0/lib/puma/server.rb:415:in `process_client'
/home/beerdy/.gem/ruby/2.3.0/gems/puma-3.6.0/lib/puma/server.rb:275:in `block in run'
/home/beerdy/.gem/ruby/2.3.0/gems/puma-3.6.0/lib/puma/thread_pool.rb:116:in `block in spawn_thread'
2017-11-13 12:31:04 +0300: Rack app error handling request { GET /magazine/index }
#<RuntimeError: Missing `secret_token` and `secret_key_base` for 'production' environment, set these values in `config/secrets.yml`>
/home/beerdy/.rvm/gems/ruby-2.3.1/gems/railties-4.2.6/lib/rails/application.rb:534:in `validate_secret_key_config!'
/home/beerdy/.rvm/gems/ruby-2.3.1/gems/railties-4.2.6/lib/rails/application.rb:246:in `env_config'
/home/beerdy/.rvm/gems/ruby-2.3.1/gems/railties-4.2.6/lib/rails/engine.rb:514:in `call'
/home/beerdy/.rvm/gems/ruby-2.3.1/gems/railties-4.2.6/lib/rails/application.rb:165:in `call'
/home/beerdy/.gem/ruby/2.3.0/gems/rack-1.6.4/lib/rack/content_length.rb:15:in `call'
/home/beerdy/.gem/ruby/2.3.0/gems/puma-3.6.0/lib/puma/configuration.rb:225:in `call'
/home/beerdy/.gem/ruby/2.3.0/gems/puma-3.6.0/lib/puma/server.rb:578:in `handle_request'
/home/beerdy/.gem/ruby/2.3.0/gems/puma-3.6.0/lib/puma/server.rb:415:in `process_client'
/home/beerdy/.gem/ruby/2.3.0/gems/puma-3.6.0/lib/puma/server.rb:275:in `block in run'
/home/beerdy/.gem/ruby/2.3.0/gems/puma-3.6.0/lib/puma/thread_pool.rb:116:in `block in spawn_thread'
2017-11-13 12:31:05 +0300: Rack app error handling request { GET /favicon.ico }
#<RuntimeError: Missing `secret_token` and `secret_key_base` for 'production' environment, set these values in `config/secrets.yml`>
/home/beerdy/.rvm/gems/ruby-2.3.1/gems/railties-4.2.6/lib/rails/application.rb:534:in `validate_secret_key_config!'
/home/beerdy/.rvm/gems/ruby-2.3.1/gems/railties-4.2.6/lib/rails/application.rb:246:in `env_config'
/home/beerdy/.rvm/gems/ruby-2.3.1/gems/railties-4.2.6/lib/rails/engine.rb:514:in `call'
/home/beerdy/.rvm/gems/ruby-2.3.1/gems/railties-4.2.6/lib/rails/application.rb:165:in `call'
/home/beerdy/.gem/ruby/2.3.0/gems/rack-1.6.4/lib/rack/content_length.rb:15:in `call'
/home/beerdy/.gem/ruby/2.3.0/gems/puma-3.6.0/lib/puma/configuration.rb:225:in `call'
/home/beerdy/.gem/ruby/2.3.0/gems/puma-3.6.0/lib/puma/server.rb:578:in `handle_request'
/home/beerdy/.gem/ruby/2.3.0/gems/puma-3.6.0/lib/puma/server.rb:415:in `process_client'
/home/beerdy/.gem/ruby/2.3.0/gems/puma-3.6.0/lib/puma/server.rb:275:in `block in run'
/home/beerdy/.gem/ruby/2.3.0/gems/puma-3.6.0/lib/puma/thread_pool.rb:116:in `block in spawn_thread'
2017-11-13 12:31:07 +0300: Rack app error handling request { GET /magazine/index }
#<RuntimeError: Missing `secret_token` and `secret_key_base` for 'production' environment, set these values in `config/secrets.yml`>
/home/beerdy/.rvm/gems/ruby-2.3.1/gems/railties-4.2.6/lib/rails/application.rb:534:in `validate_secret_key_config!'
/home/beerdy/.rvm/gems/ruby-2.3.1/gems/railties-4.2.6/lib/rails/application.rb:246:in `env_config'
/home/beerdy/.rvm/gems/ruby-2.3.1/gems/railties-4.2.6/lib/rails/engine.rb:514:in `call'
/home/beerdy/.rvm/gems/ruby-2.3.1/gems/railties-4.2.6/lib/rails/application.rb:165:in `call'
/home/beerdy/.gem/ruby/2.3.0/gems/rack-1.6.4/lib/rack/content_length.rb:15:in `call'
/home/beerdy/.gem/ruby/2.3.0/gems/puma-3.6.0/lib/puma/configuration.rb:225:in `call'
/home/beerdy/.gem/ruby/2.3.0/gems/puma-3.6.0/lib/puma/server.rb:578:in `handle_request'
/home/beerdy/.gem/ruby/2.3.0/gems/puma-3.6.0/lib/puma/server.rb:415:in `process_client'
/home/beerdy/.gem/ruby/2.3.0/gems/puma-3.6.0/lib/puma/server.rb:275:in `block in run'
/home/beerdy/.gem/ruby/2.3.0/gems/puma-3.6.0/lib/puma/thread_pool.rb:116:in `block in spawn_thread'
2017-11-13 12:31:07 +0300: Rack app error handling request { GET /favicon.ico }
#<RuntimeError: Missing `secret_token` and `secret_key_base` for 'production' environment, set these values in `config/secrets.yml`>
/home/beerdy/.rvm/gems/ruby-2.3.1/gems/railties-4.2.6/lib/rails/application.rb:534:in `validate_secret_key_config!'
/home/beerdy/.rvm/gems/ruby-2.3.1/gems/railties-4.2.6/lib/rails/application.rb:246:in `env_config'
/home/beerdy/.rvm/gems/ruby-2.3.1/gems/railties-4.2.6/lib/rails/engine.rb:514:in `call'
/home/beerdy/.rvm/gems/ruby-2.3.1/gems/railties-4.2.6/lib/rails/application.rb:165:in `call'
/home/beerdy/.gem/ruby/2.3.0/gems/rack-1.6.4/lib/rack/content_length.rb:15:in `call'
/home/beerdy/.gem/ruby/2.3.0/gems/puma-3.6.0/lib/puma/configuration.rb:225:in `call'
/home/beerdy/.gem/ruby/2.3.0/gems/puma-3.6.0/lib/puma/server.rb:578:in `handle_request'
/home/beerdy/.gem/ruby/2.3.0/gems/puma-3.6.0/lib/puma/server.rb:415:in `process_client'
/home/beerdy/.gem/ruby/2.3.0/gems/puma-3.6.0/lib/puma/server.rb:275:in `block in run'
/home/beerdy/.gem/ruby/2.3.0/gems/puma-3.6.0/lib/puma/thread_pool.rb:116:in `block in spawn_thread'
2017-11-13 12:31:09 +0300: Rack app error handling request { GET / }
#<RuntimeError: Missing `secret_token` and `secret_key_base` for 'production' environment, set these values in `config/secrets.yml`>
/home/beerdy/.rvm/gems/ruby-2.3.1/gems/railties-4.2.6/lib/rails/application.rb:534:in `validate_secret_key_config!'
/home/beerdy/.rvm/gems/ruby-2.3.1/gems/railties-4.2.6/lib/rails/application.rb:246:in `env_config'
/home/beerdy/.rvm/gems/ruby-2.3.1/gems/railties-4.2.6/lib/rails/engine.rb:514:in `call'
/home/beerdy/.rvm/gems/ruby-2.3.1/gems/railties-4.2.6/lib/rails/application.rb:165:in `call'
/home/beerdy/.gem/ruby/2.3.0/gems/rack-1.6.4/lib/rack/content_length.rb:15:in `call'
/home/beerdy/.gem/ruby/2.3.0/gems/puma-3.6.0/lib/puma/configuration.rb:225:in `call'
/home/beerdy/.gem/ruby/2.3.0/gems/puma-3.6.0/lib/puma/server.rb:578:in `handle_request'
/home/beerdy/.gem/ruby/2.3.0/gems/puma-3.6.0/lib/puma/server.rb:415:in `process_client'
/home/beerdy/.gem/ruby/2.3.0/gems/puma-3.6.0/lib/puma/server.rb:275:in `block in run'
/home/beerdy/.gem/ruby/2.3.0/gems/puma-3.6.0/lib/puma/thread_pool.rb:116:in `block in spawn_thread'
2017-11-13 12:31:09 +0300: Rack app error handling request { GET /favicon.ico }
#<RuntimeError: Missing `secret_token` and `secret_key_base` for 'production' environment, set these values in `config/secrets.yml`>
/home/beerdy/.rvm/gems/ruby-2.3.1/gems/railties-4.2.6/lib/rails/application.rb:534:in `validate_secret_key_config!'
/home/beerdy/.rvm/gems/ruby-2.3.1/gems/railties-4.2.6/lib/rails/application.rb:246:in `env_config'
/home/beerdy/.rvm/gems/ruby-2.3.1/gems/railties-4.2.6/lib/rails/engine.rb:514:in `call'
/home/beerdy/.rvm/gems/ruby-2.3.1/gems/railties-4.2.6/lib/rails/application.rb:165:in `call'
/home/beerdy/.gem/ruby/2.3.0/gems/rack-1.6.4/lib/rack/content_length.rb:15:in `call'
/home/beerdy/.gem/ruby/2.3.0/gems/puma-3.6.0/lib/puma/configuration.rb:225:in `call'
/home/beerdy/.gem/ruby/2.3.0/gems/puma-3.6.0/lib/puma/server.rb:578:in `handle_request'
/home/beerdy/.gem/ruby/2.3.0/gems/puma-3.6.0/lib/puma/server.rb:415:in `process_client'
/home/beerdy/.gem/ruby/2.3.0/gems/puma-3.6.0/lib/puma/server.rb:275:in `block in run'
/home/beerdy/.gem/ruby/2.3.0/gems/puma-3.6.0/lib/puma/thread_pool.rb:116:in `block in spawn_thread'
2017-11-13 12:31:11 +0300: Rack app error handling request { GET / }
#<RuntimeError: Missing `secret_token` and `secret_key_base` for 'production' environment, set these values in `config/secrets.yml`>
/home/beerdy/.rvm/gems/ruby-2.3.1/gems/railties-4.2.6/lib/rails/application.rb:534:in `validate_secret_key_config!'
/home/beerdy/.rvm/gems/ruby-2.3.1/gems/railties-4.2.6/lib/rails/application.rb:246:in `env_config'
/home/beerdy/.rvm/gems/ruby-2.3.1/gems/railties-4.2.6/lib/rails/engine.rb:514:in `call'
/home/beerdy/.rvm/gems/ruby-2.3.1/gems/railties-4.2.6/lib/rails/application.rb:165:in `call'
/home/beerdy/.gem/ruby/2.3.0/gems/rack-1.6.4/lib/rack/content_length.rb:15:in `call'
/home/beerdy/.gem/ruby/2.3.0/gems/puma-3.6.0/lib/puma/configuration.rb:225:in `call'
/home/beerdy/.gem/ruby/2.3.0/gems/puma-3.6.0/lib/puma/server.rb:578:in `handle_request'
/home/beerdy/.gem/ruby/2.3.0/gems/puma-3.6.0/lib/puma/server.rb:415:in `process_client'
/home/beerdy/.gem/ruby/2.3.0/gems/puma-3.6.0/lib/puma/server.rb:275:in `block in run'
/home/beerdy/.gem/ruby/2.3.0/gems/puma-3.6.0/lib/puma/thread_pool.rb:116:in `block in spawn_thread'
2017-11-13 12:31:11 +0300: Rack app error handling request { GET /favicon.ico }
#<RuntimeError: Missing `secret_token` and `secret_key_base` for 'production' environment, set these values in `config/secrets.yml`>
/home/beerdy/.rvm/gems/ruby-2.3.1/gems/railties-4.2.6/lib/rails/application.rb:534:in `validate_secret_key_config!'
/home/beerdy/.rvm/gems/ruby-2.3.1/gems/railties-4.2.6/lib/rails/application.rb:246:in `env_config'
/home/beerdy/.rvm/gems/ruby-2.3.1/gems/railties-4.2.6/lib/rails/engine.rb:514:in `call'
/home/beerdy/.rvm/gems/ruby-2.3.1/gems/railties-4.2.6/lib/rails/application.rb:165:in `call'
/home/beerdy/.gem/ruby/2.3.0/gems/rack-1.6.4/lib/rack/content_length.rb:15:in `call'
/home/beerdy/.gem/ruby/2.3.0/gems/puma-3.6.0/lib/puma/configuration.rb:225:in `call'
/home/beerdy/.gem/ruby/2.3.0/gems/puma-3.6.0/lib/puma/server.rb:578:in `handle_request'
/home/beerdy/.gem/ruby/2.3.0/gems/puma-3.6.0/lib/puma/server.rb:415:in `process_client'
/home/beerdy/.gem/ruby/2.3.0/gems/puma-3.6.0/lib/puma/server.rb:275:in `block in run'
/home/beerdy/.gem/ruby/2.3.0/gems/puma-3.6.0/lib/puma/thread_pool.rb:116:in `block in spawn_thread'
=== puma startup: 2017-11-13 12:32:00 +0300 ===
=== puma startup: 2017-11-13 13:26:51 +0300 ===
=== puma startup: 2017-11-13 13:54:42 +0300 ===
=== puma startup: 2017-11-13 16:16:53 +0300 ===
=== puma startup: 2017-11-13 16:20:06 +0300 ===
=== puma startup: 2017-11-13 16:42:13 +0300 ===
=== puma startup: 2017-11-13 16:43:38 +0300 ===
